<?xml version="1.0" encoding="UTF-8"?>
<!-- Generated by org.testng.reporters.JUnitXMLReporter -->
<testsuite ignored="0" hostname="Hebas-Air" failures="0" tests="2" name="ErrorValidationsTest" time="182.609" errors="0" timestamp="2024-03-15T02:14:20 GST">
  <testcase classname="rahulshettyacademy.Tests.ErrorValidationsTest" name="LoginCheck" time="6.933"/>
  <testcase classname="rahulshettyacademy.Tests.ErrorValidationsTest" name="VerifyOrderNameCheck" time="17.519"/>
</testsuite> <!-- ErrorValidationsTest -->
