<?xml version="1.0" encoding="UTF-8"?>
<!-- Generated by org.testng.reporters.JUnitXMLReporter -->
<testsuite ignored="2" hostname="Hebas-Air" failures="0" tests="0" time="0.001" errors="0" timestamp="2024-03-22T01:05:58 GST">
  <testcase classname="rahulshettyacademy.Tests.ErrorValidationsTest" name="VerifyOrderNameCheck" time="0.0">
    <ignored/>
  </testcase> <!-- VerifyOrderNameCheck -->
  <testcase classname="rahulshettyacademy.Tests.ErrorValidationsTest" name="LoginCheck" time="0.0">
    <ignored/>
  </testcase> <!-- LoginCheck -->
</testsuite>
