<?xml version="1.0" encoding="UTF-8"?>
<!-- Generated by org.testng.reporters.JUnitXMLReporter -->
<testsuite ignored="0" hostname="Hebas-Air" failures="0" tests="2" name="ErrorValidationsTest" time="35.73" errors="0" timestamp="2024-03-22T01:00:00 GST">
  <testcase classname="rahulshettyacademy.Tests.ErrorValidationsTest" name="LoginCheck" time="1.366"/>
  <testcase classname="rahulshettyacademy.Tests.ErrorValidationsTest" name="VerifyOrderNameCheck" time="14.527"/>
</testsuite> <!-- ErrorValidationsTest -->
