<?xml version="1.0" encoding="UTF-8"?>
<testng-results ignored="0" total="2" passed="2" failed="0" skipped="0">
  <reporter-output>
  </reporter-output>
  <suite started-at="2024-03-22T01:05:00 GST" name="Suite" finished-at="2024-03-22T01:05:58 GST" duration-ms="58107">
    <groups>
      <group name="Purchase">
        <method signature="SubmitOrderTest.SubmitOrderCheck(java.util.HashMap)[pri:0, instance:rahulshettyacademy.Tests.SubmitOrderTest@2eae8e6e]" name="SubmitOrderCheck" class="rahulshettyacademy.Tests.SubmitOrderTest"/>
      </group> <!-- Purchase -->
    </groups>
    <test started-at="2024-03-22T01:05:00 GST" name="SubmitOrderTest" finished-at="2024-03-22T01:05:58 GST" duration-ms="58067">
      <class name="rahulshettyacademy.Tests.SubmitOrderTest">
        <test-method is-config="true" signature="LaunchApplication()[pri:0, instance:rahulshettyacademy.Tests.SubmitOrderTest@2eae8e6e]" started-at="2024-03-22T01:05:00 GST" name="LaunchApplication" finished-at="2024-03-22T01:05:12 GST" duration-ms="12183" status="PASS">
          <reporter-output>
          </reporter-output>
        </test-method> <!-- LaunchApplication -->
        <test-method signature="SubmitOrderCheck(java.util.HashMap)[pri:0, instance:rahulshettyacademy.Tests.SubmitOrderTest@2eae8e6e]" started-at="2024-03-22T01:05:12 GST" name="SubmitOrderCheck" data-provider="GetData" finished-at="2024-03-22T01:05:30 GST" duration-ms="17665" status="PASS">
          <params>
            <param index="0">
              <value>
                <![CDATA[{Product=ZARA COAT 3, Email=heba.shahib14@gmail.com, Password=HebaShahib1}]]>
              </value>
            </param>
          </params>
          <reporter-output>
          </reporter-output>
        </test-method> <!-- SubmitOrderCheck -->
        <test-method is-config="true" signature="CloseWindow()[pri:0, instance:rahulshettyacademy.Tests.SubmitOrderTest@2eae8e6e]" started-at="2024-03-22T01:05:30 GST" name="CloseWindow" finished-at="2024-03-22T01:05:30 GST" duration-ms="124" status="PASS">
          <reporter-output>
          </reporter-output>
        </test-method> <!-- CloseWindow -->
        <test-method is-config="true" signature="LaunchApplication()[pri:0, instance:rahulshettyacademy.Tests.SubmitOrderTest@2eae8e6e]" started-at="2024-03-22T01:05:30 GST" name="LaunchApplication" finished-at="2024-03-22T01:05:40 GST" duration-ms="9835" status="PASS">
          <reporter-output>
          </reporter-output>
        </test-method> <!-- LaunchApplication -->
        <test-method signature="SubmitOrderCheck(java.util.HashMap)[pri:0, instance:rahulshettyacademy.Tests.SubmitOrderTest@2eae8e6e]" started-at="2024-03-22T01:05:40 GST" name="SubmitOrderCheck" data-provider="GetData" finished-at="2024-03-22T01:05:58 GST" duration-ms="17839" status="PASS">
          <params>
            <param index="0">
              <value>
                <![CDATA[{Product=ADIDAS ORIGINAL, Email=heba.shahib14@gmail.com, Password=HebaShahib1}]]>
              </value>
            </param>
          </params>
          <reporter-output>
          </reporter-output>
        </test-method> <!-- SubmitOrderCheck -->
        <test-method is-config="true" signature="CloseWindow()[pri:0, instance:rahulshettyacademy.Tests.SubmitOrderTest@2eae8e6e]" started-at="2024-03-22T01:05:58 GST" name="CloseWindow" finished-at="2024-03-22T01:05:58 GST" duration-ms="144" status="PASS">
          <reporter-output>
          </reporter-output>
        </test-method> <!-- CloseWindow -->
      </class> <!-- rahulshettyacademy.Tests.SubmitOrderTest -->
    </test> <!-- SubmitOrderTest -->
    <test started-at="2024-03-22T01:05:58 GST" name="ErrorValidationsTest" finished-at="2024-03-22T01:05:58 GST" duration-ms="1">
    </test> <!-- ErrorValidationsTest -->
  </suite> <!-- Suite -->
</testng-results>
